Using pre-set license
Built from '2020.3/release' branch; Version is '2020.3.12f1 (b3b2c6512326) revision 11776710'; Using compiler version '192528614'; Build Type 'Release'
OS: 'Windows 10 Home; OS build 19042.1348; Version 2009; 64bit' Language: 'ko' Physical Memory: 16310 MB
BatchMode: 1, IsHumanControllingUs: 0, StartBugReporterOnCrash: 0, Is64bit: 1, IsPro: 0

 COMMAND LINE ARGUMENTS:
C:\Program Files\Unity\Editor\Unity.exe
-adb2
-batchMode
-noUpm
-name
AssetImportWorker0
-projectPath
C:/Users/c4607/OneDrive/문서/GitHub/MaraXiangguoExtraBeef
-logFile
Logs/AssetImportWorker0.log
-srvPort
64831
Successfully changed project path to: C:/Users/c4607/OneDrive/문서/GitHub/MaraXiangguoExtraBeef
C:/Users/c4607/OneDrive/문서/GitHub/MaraXiangguoExtraBeef
Using Asset Import Pipeline V2.
Default GameObject BitMask: UI already registered

Refreshing native plugins compatible for Editor in 29.05 ms, found 3 plugins.
Preloading 0 native plugins for Editor in 0.00 ms.
Initialize engine version: 2020.3.12f1 (b3b2c6512326)
[Subsystems] Discovering subsystems at path C:/Program Files/Unity/Editor/Data/Resources/UnitySubsystems
[Subsystems] Discovering subsystems at path C:/Users/c4607/OneDrive/문서/GitHub/MaraXiangguoExtraBeef/Assets
GfxDevice: creating device client; threaded=0
Direct3D:
    Version:  Direct3D 11.0 [level 11.1]
    Renderer: NVIDIA GeForce GTX 970 (ID=0x13c2)
    Vendor:   
    VRAM:     4043 MB
    Driver:   27.21.14.5671
Initialize mono
Mono path[0] = 'C:/Program Files/Unity/Editor/Data/Managed'
Mono path[1] = 'C:/Program Files/Unity/Editor/Data/MonoBleedingEdge/lib/mono/unityjit'
Mono config path = 'C:/Program Files/Unity/Editor/Data/MonoBleedingEdge/etc'
Using monoOptions --debugger-agent=transport=dt_socket,embedding=1,server=y,suspend=n,address=127.0.0.1:56656
Begin MonoManager ReloadAssembly
Registering precompiled unity dll's ...
Register platform support module: C:/Program Files/Unity/Editor/Data/PlaybackEngines/WindowsStandaloneSupport/UnityEditor.WindowsStandalone.Extensions.dll
Registered in 0.002318 seconds.
Native extension for WindowsStandalone target not found
Refreshing native plugins compatible for Editor in 25.88 ms, found 3 plugins.
Preloading 0 native plugins for Editor in 0.00 ms.
Mono: successfully reloaded assembly
- Completed reload, in  0.804 seconds
Platform modules already initialized, skipping
Registering precompiled user dll's ...
Registered in 0.005084 seconds.
Begin MonoManager ReloadAssembly
Symbol file LoadedFromMemory doesn't match image C:\Users\c4607\OneDrive\문서\GitHub\MaraXiangguoExtraBeef\Library\PackageCache\com.unity.ext.nunit@1.0.0\net35\unity-custom\nunit.framework.dll
Native extension for WindowsStandalone target not found
Refreshing native plugins compatible for Editor in 26.66 ms, found 3 plugins.
Preloading 0 native plugins for Editor in 0.00 ms.
Mono: successfully reloaded assembly
- Completed reload, in  0.731 seconds
Platform modules already initialized, skipping
========================================================================
Worker process is ready to serve import requests
Default GameObject BitMask: UI already registered

Launched and connected shader compiler UnityShaderCompiler.exe after 0.04 seconds
Refreshing native plugins compatible for Editor in 0.42 ms, found 3 plugins.
Preloading 0 native plugins for Editor in 0.00 ms.
Unloading 2009 Unused Serialized files (Serialized files now loaded: 0)
System memory in use before: 91.2 MB.
System memory in use after: 91.3 MB.

Unloading 25 unused Assets to reduce memory usage. Loaded Objects now: 2447.
Total: 1.803300 ms (FindLiveObjects: 0.124100 ms CreateObjectMapping: 0.042900 ms MarkObjects: 1.588300 ms  DeleteObjects: 0.047000 ms)

AssetImportParameters requested are different than current active one (requested -> active):
  custom:framework-win-MediaFoundation: 216162199b28c13a410421893ffa2e32 -> 
  custom:video-decoder-ogg-theora: a1e56fd34408186e4bbccfd4996cb3dc -> 
  custom:container-muxer-webm: aa71ff27fc2769a1b78a27578f13a17b -> 
  custom:container-demuxer-webm: 4f35f7cbe854078d1ac9338744f61a02 -> 
  custom:container-demuxer-ogg: 62fdf1f143b41e24485cea50d1cbac27 -> 
  custom:video-encoder-webm-vp8: eb34c28f22e8b96e1ab97ce403110664 -> 
  custom:video-decoder-webm-vp8: 9c59270c3fd7afecdb556c50c9e8de78 -> 
  custom:audio-decoder-ogg-vorbis: bf7c407c2cedff20999df2af8eb42d56 -> 
  custom:audio-encoder-webm-vorbis: bf7c407c2cedff20999df2af8eb42d56 -> 
========================================================================
Received Import Request.
  path: Assets/Scripts/Object/Cards/AttackCard.cs
  artifactKey: Guid(0a2906e7e52c2894297b4343d9982546) Importer(815301076,1909f56bfc062723c751e8b465ee728b)
Start importing Assets/Scripts/Object/Cards/AttackCard.cs using Guid(0a2906e7e52c2894297b4343d9982546) Importer(815301076,1909f56bfc062723c751e8b465ee728b)  -> (artifact id: '2025b8e13fc533fa18ca724c21a4f444') in 0.035263 seconds 
  Import took 0.037789 seconds .

========================================================================
Received Import Request.
  Time since last request: 0.000258 seconds.
  path: Assets/Scripts/Object/Cards/BlockCard.cs
  artifactKey: Guid(7545ab5c51958224ba1143b58dd7441f) Importer(815301076,1909f56bfc062723c751e8b465ee728b)
Start importing Assets/Scripts/Object/Cards/BlockCard.cs using Guid(7545ab5c51958224ba1143b58dd7441f) Importer(815301076,1909f56bfc062723c751e8b465ee728b)  -> (artifact id: 'bb718dee54a72a2f28b64bdbc18376fa') in 0.005502 seconds 
  Import took 0.007779 seconds .

========================================================================
Received Import Request.
  Time since last request: 7.041178 seconds.
  path: Assets/Scripts/Object/Cards/Deck.cs
  artifactKey: Guid(fe2d7ec35abdbc3408254975e1b22e04) Importer(815301076,1909f56bfc062723c751e8b465ee728b)
Start importing Assets/Scripts/Object/Cards/Deck.cs using Guid(fe2d7ec35abdbc3408254975e1b22e04) Importer(815301076,1909f56bfc062723c751e8b465ee728b)  -> (artifact id: 'd5d93b6770a65c234f4f513a684b89ea') in 0.006820 seconds 
  Import took 0.009947 seconds .

========================================================================
Received Import Request.
  Time since last request: 0.001314 seconds.
  path: Assets/Scripts/Object/Cards/Deck.cs
  artifactKey: Guid(fe2d7ec35abdbc3408254975e1b22e04) Importer(815301076,1909f56bfc062723c751e8b465ee728b)
Start importing Assets/Scripts/Object/Cards/Deck.cs using Guid(fe2d7ec35abdbc3408254975e1b22e04) Importer(815301076,1909f56bfc062723c751e8b465ee728b)  -> (artifact id: 'd5d93b6770a65c234f4f513a684b89ea') in 0.002576 seconds 
  Import took 0.005195 seconds .

========================================================================
Received Import Request.
  Time since last request: 3768.099175 seconds.
  path: Assets/Scripts/System/UI
  artifactKey: Guid(5525ea6131dea4e4b8bccea79d70b02d) Importer(815301076,1909f56bfc062723c751e8b465ee728b)
Start importing Assets/Scripts/System/UI using Guid(5525ea6131dea4e4b8bccea79d70b02d) Importer(815301076,1909f56bfc062723c751e8b465ee728b)  -> (artifact id: '26cc11a3fb8b713c8b546f3d2102d4a5') in 0.005753 seconds 
  Import took 0.008358 seconds .

========================================================================
Received Import Request.
  Time since last request: 0.000539 seconds.
  path: Assets/Scripts/System/UI
  artifactKey: Guid(5525ea6131dea4e4b8bccea79d70b02d) Importer(815301076,1909f56bfc062723c751e8b465ee728b)
Start importing Assets/Scripts/System/UI using Guid(5525ea6131dea4e4b8bccea79d70b02d) Importer(815301076,1909f56bfc062723c751e8b465ee728b)  -> (artifact id: '26cc11a3fb8b713c8b546f3d2102d4a5') in 0.002282 seconds 
  Import took 0.004318 seconds .

========================================================================
Received Import Request.
  Time since last request: 1.652446 seconds.
  path: Assets/Scripts/System/UI/AnotherUI.cs
  artifactKey: Guid(bb699af5b6f8047489362361ea6840f0) Importer(815301076,1909f56bfc062723c751e8b465ee728b)
Start importing Assets/Scripts/System/UI/AnotherUI.cs using Guid(bb699af5b6f8047489362361ea6840f0) Importer(815301076,1909f56bfc062723c751e8b465ee728b)  -> (artifact id: '58dfe5eeca07d30df576680c0c320bb7') in 0.005703 seconds 
  Import took 0.008388 seconds .

========================================================================
Received Prepare
Default GameObject BitMask: UI already registered

Registering precompiled user dll's ...
Registered in 0.005420 seconds.
Begin MonoManager ReloadAssembly
Symbol file LoadedFromMemory doesn't match image C:\Users\c4607\OneDrive\문서\GitHub\MaraXiangguoExtraBeef\Library\PackageCache\com.unity.ext.nunit@1.0.0\net35\unity-custom\nunit.framework.dll
Native extension for WindowsStandalone target not found
Refreshing native plugins compatible for Editor in 0.42 ms, found 3 plugins.
Preloading 0 native plugins for Editor in 0.00 ms.
Mono: successfully reloaded assembly
- Completed reload, in  0.650 seconds
Platform modules already initialized, skipping
Refreshing native plugins compatible for Editor in 0.40 ms, found 3 plugins.
Preloading 0 native plugins for Editor in 0.00 ms.
Unloading 1999 Unused Serialized files (Serialized files now loaded: 0)
System memory in use before: 90.7 MB.
System memory in use after: 90.8 MB.

Unloading 15 unused Assets to reduce memory usage. Loaded Objects now: 2449.
Total: 1.599600 ms (FindLiveObjects: 0.125300 ms CreateObjectMapping: 0.045700 ms MarkObjects: 1.415700 ms  DeleteObjects: 0.012200 ms)

AssetImportParameters requested are different than current active one (requested -> active):
  custom:framework-win-MediaFoundation: 216162199b28c13a410421893ffa2e32 -> 
  custom:video-decoder-ogg-theora: a1e56fd34408186e4bbccfd4996cb3dc -> 
  custom:container-muxer-webm: aa71ff27fc2769a1b78a27578f13a17b -> 
  custom:container-demuxer-webm: 4f35f7cbe854078d1ac9338744f61a02 -> 
  custom:container-demuxer-ogg: 62fdf1f143b41e24485cea50d1cbac27 -> 
  custom:video-encoder-webm-vp8: eb34c28f22e8b96e1ab97ce403110664 -> 
  custom:video-decoder-webm-vp8: 9c59270c3fd7afecdb556c50c9e8de78 -> 
  custom:audio-decoder-ogg-vorbis: bf7c407c2cedff20999df2af8eb42d56 -> 
  custom:audio-encoder-webm-vorbis: bf7c407c2cedff20999df2af8eb42d56 -> 
========================================================================
Received Import Request.
  Time since last request: 636.523288 seconds.
  path: Assets/Resources/sprites/Card/임시 방어.png
  artifactKey: Guid(0b580123eaaa5714fbdf9676070f9ceb) Importer(815301076,1909f56bfc062723c751e8b465ee728b)
Start importing Assets/Resources/sprites/Card/임시 방어.png using Guid(0b580123eaaa5714fbdf9676070f9ceb) Importer(815301076,1909f56bfc062723c751e8b465ee728b)  -> (artifact id: 'dfa6e3fc50a26586968c4b6790e0741e') in 0.065467 seconds 
  Import took 0.068304 seconds .

========================================================================
Received Import Request.
  Time since last request: 0.000185 seconds.
  path: Assets/Resources/sprites/Card/카드 배경.png
  artifactKey: Guid(2d4a40008e5726446bdc9a1ddf735871) Importer(815301076,1909f56bfc062723c751e8b465ee728b)
Start importing Assets/Resources/sprites/Card/카드 배경.png using Guid(2d4a40008e5726446bdc9a1ddf735871) Importer(815301076,1909f56bfc062723c751e8b465ee728b)  -> (artifact id: '8d9f177260702404131ed4c2c2741944') in 0.014285 seconds 
  Import took 0.016712 seconds .

========================================================================
Received Import Request.
  Time since last request: 0.000186 seconds.
  path: Assets/Scripts/System/UI/AnotherUI.cs
  artifactKey: Guid(bb699af5b6f8047489362361ea6840f0) Importer(815301076,1909f56bfc062723c751e8b465ee728b)
Start importing Assets/Scripts/System/UI/AnotherUI.cs using Guid(bb699af5b6f8047489362361ea6840f0) Importer(815301076,1909f56bfc062723c751e8b465ee728b)  -> (artifact id: 'b069d6c3a2ec2775f408dcdf52319e3d') in 0.002237 seconds 
  Import took 0.004391 seconds .

========================================================================
Received Import Request.
  Time since last request: 0.000140 seconds.
  path: Assets/Resources/sprites/Card/임시 공격.png
  artifactKey: Guid(5cae96aaa7566c94882d7d1ecbd469f6) Importer(815301076,1909f56bfc062723c751e8b465ee728b)
Start importing Assets/Resources/sprites/Card/임시 공격.png using Guid(5cae96aaa7566c94882d7d1ecbd469f6) Importer(815301076,1909f56bfc062723c751e8b465ee728b)  -> (artifact id: '86314b2b0cc94373e82a829210326661') in 0.013578 seconds 
  Import took 0.016404 seconds .

========================================================================
Received Import Request.
  Time since last request: 86.895969 seconds.
  path: Assets/Scripts/System/UI/UI.cs
  artifactKey: Guid(796b0367a3f8ccb4b90ab6d19a3ff3f3) Importer(815301076,1909f56bfc062723c751e8b465ee728b)
Start importing Assets/Scripts/System/UI/UI.cs using Guid(796b0367a3f8ccb4b90ab6d19a3ff3f3) Importer(815301076,1909f56bfc062723c751e8b465ee728b)  -> (artifact id: '57ee23e85f29a29344e278e6a95b1451') in 0.005807 seconds 
  Import took 0.008484 seconds .

========================================================================
Received Prepare
Default GameObject BitMask: UI already registered

Registering precompiled user dll's ...
Registered in 0.004793 seconds.
Begin MonoManager ReloadAssembly
Symbol file LoadedFromMemory doesn't match image C:\Users\c4607\OneDrive\문서\GitHub\MaraXiangguoExtraBeef\Library\PackageCache\com.unity.ext.nunit@1.0.0\net35\unity-custom\nunit.framework.dll
Native extension for WindowsStandalone target not found
Refreshing native plugins compatible for Editor in 0.44 ms, found 3 plugins.
Preloading 0 native plugins for Editor in 0.00 ms.
Mono: successfully reloaded assembly
- Completed reload, in  0.651 seconds
Platform modules already initialized, skipping
Refreshing native plugins compatible for Editor in 0.40 ms, found 3 plugins.
Preloading 0 native plugins for Editor in 0.00 ms.
Unloading 1999 Unused Serialized files (Serialized files now loaded: 0)
System memory in use before: 93.6 MB.
System memory in use after: 93.8 MB.

Unloading 15 unused Assets to reduce memory usage. Loaded Objects now: 2459.
Total: 2.090100 ms (FindLiveObjects: 0.168500 ms CreateObjectMapping: 0.055300 ms MarkObjects: 1.850700 ms  DeleteObjects: 0.014700 ms)

AssetImportParameters requested are different than current active one (requested -> active):
  custom:framework-win-MediaFoundation: 216162199b28c13a410421893ffa2e32 -> 
  custom:video-decoder-ogg-theora: a1e56fd34408186e4bbccfd4996cb3dc -> 
  custom:container-muxer-webm: aa71ff27fc2769a1b78a27578f13a17b -> 
  custom:container-demuxer-webm: 4f35f7cbe854078d1ac9338744f61a02 -> 
  custom:container-demuxer-ogg: 62fdf1f143b41e24485cea50d1cbac27 -> 
  custom:video-encoder-webm-vp8: eb34c28f22e8b96e1ab97ce403110664 -> 
  custom:video-decoder-webm-vp8: 9c59270c3fd7afecdb556c50c9e8de78 -> 
  custom:audio-decoder-ogg-vorbis: bf7c407c2cedff20999df2af8eb42d56 -> 
  custom:audio-encoder-webm-vorbis: bf7c407c2cedff20999df2af8eb42d56 -> 
========================================================================
Received Import Request.
  Time since last request: 44.575108 seconds.
  path: Assets/Scripts/System/UI/UI.cs
  artifactKey: Guid(796b0367a3f8ccb4b90ab6d19a3ff3f3) Importer(815301076,1909f56bfc062723c751e8b465ee728b)
Start importing Assets/Scripts/System/UI/UI.cs using Guid(796b0367a3f8ccb4b90ab6d19a3ff3f3) Importer(815301076,1909f56bfc062723c751e8b465ee728b)  -> (artifact id: 'e0f7a70460c3fbe2b752346ac05c58ac') in 0.004921 seconds 
  Import took 0.007389 seconds .

========================================================================
Received Import Request.
  Time since last request: 2.158488 seconds.
  path: Assets/Scripts/Object/Enemy/Slime.cs
  artifactKey: Guid(e86ab205ae99c9845a56a01f7ecea7ab) Importer(815301076,1909f56bfc062723c751e8b465ee728b)
Start importing Assets/Scripts/Object/Enemy/Slime.cs using Guid(e86ab205ae99c9845a56a01f7ecea7ab) Importer(815301076,1909f56bfc062723c751e8b465ee728b)  -> (artifact id: 'c38399889b9021c784c1b2c9a0fcd88a') in 0.005814 seconds 
  Import took 0.008428 seconds .

========================================================================
Received Import Request.
  Time since last request: 0.000807 seconds.
  path: Assets/Scripts/Object/Enemy/Slime.cs
  artifactKey: Guid(e86ab205ae99c9845a56a01f7ecea7ab) Importer(815301076,1909f56bfc062723c751e8b465ee728b)
Start importing Assets/Scripts/Object/Enemy/Slime.cs using Guid(e86ab205ae99c9845a56a01f7ecea7ab) Importer(815301076,1909f56bfc062723c751e8b465ee728b)  -> (artifact id: 'c38399889b9021c784c1b2c9a0fcd88a') in 0.002322 seconds 
  Import took 0.004557 seconds .

========================================================================
Received Import Request.
  Time since last request: 82.437981 seconds.
  path: Assets/Scripts/Object/Enemy/Enemy.cs
  artifactKey: Guid(231bd9a0350f0a74c9de80603893f210) Importer(815301076,1909f56bfc062723c751e8b465ee728b)
Start importing Assets/Scripts/Object/Enemy/Enemy.cs using Guid(231bd9a0350f0a74c9de80603893f210) Importer(815301076,1909f56bfc062723c751e8b465ee728b)  -> (artifact id: 'df370635330807d97d2096e415f3c46b') in 0.006437 seconds 
  Import took 0.009216 seconds .

========================================================================
Received Prepare
Default GameObject BitMask: UI already registered

Registering precompiled user dll's ...
Registered in 0.004744 seconds.
Begin MonoManager ReloadAssembly
Symbol file LoadedFromMemory doesn't match image C:\Users\c4607\OneDrive\문서\GitHub\MaraXiangguoExtraBeef\Library\PackageCache\com.unity.ext.nunit@1.0.0\net35\unity-custom\nunit.framework.dll
Native extension for WindowsStandalone target not found
Refreshing native plugins compatible for Editor in 0.43 ms, found 3 plugins.
Preloading 0 native plugins for Editor in 0.00 ms.
Mono: successfully reloaded assembly
- Completed reload, in  0.668 seconds
Platform modules already initialized, skipping
Refreshing native plugins compatible for Editor in 0.37 ms, found 3 plugins.
Preloading 0 native plugins for Editor in 0.00 ms.
Unloading 1999 Unused Serialized files (Serialized files now loaded: 0)
System memory in use before: 93.6 MB.
System memory in use after: 93.8 MB.

Unloading 15 unused Assets to reduce memory usage. Loaded Objects now: 2461.
Total: 1.648500 ms (FindLiveObjects: 0.138100 ms CreateObjectMapping: 0.045700 ms MarkObjects: 1.451600 ms  DeleteObjects: 0.012400 ms)

AssetImportParameters requested are different than current active one (requested -> active):
  custom:framework-win-MediaFoundation: 216162199b28c13a410421893ffa2e32 -> 
  custom:video-decoder-ogg-theora: a1e56fd34408186e4bbccfd4996cb3dc -> 
  custom:container-muxer-webm: aa71ff27fc2769a1b78a27578f13a17b -> 
  custom:container-demuxer-webm: 4f35f7cbe854078d1ac9338744f61a02 -> 
  custom:container-demuxer-ogg: 62fdf1f143b41e24485cea50d1cbac27 -> 
  custom:video-encoder-webm-vp8: eb34c28f22e8b96e1ab97ce403110664 -> 
  custom:video-decoder-webm-vp8: 9c59270c3fd7afecdb556c50c9e8de78 -> 
  custom:audio-decoder-ogg-vorbis: bf7c407c2cedff20999df2af8eb42d56 -> 
  custom:audio-encoder-webm-vorbis: bf7c407c2cedff20999df2af8eb42d56 -> 
========================================================================
Received Import Request.
  Time since last request: 1979.583502 seconds.
  path: Assets/Resources/sprites/UI/discarded_slot.png
  artifactKey: Guid(fa88f5d68c357c14ea41ab51e9ff4adc) Importer(815301076,1909f56bfc062723c751e8b465ee728b)
Start importing Assets/Resources/sprites/UI/discarded_slot.png using Guid(fa88f5d68c357c14ea41ab51e9ff4adc) Importer(815301076,1909f56bfc062723c751e8b465ee728b)  -> (artifact id: '31ac9b8239f06e490af6ffc128ca76eb') in 0.049364 seconds 
  Import took 0.052484 seconds .

========================================================================
Received Import Request.
  Time since last request: 0.000187 seconds.
  path: Assets/Resources/sprites/UI/empty_slot.png
  artifactKey: Guid(d12e91a42e1999b4dbb8dedc0380c2db) Importer(815301076,1909f56bfc062723c751e8b465ee728b)
Start importing Assets/Resources/sprites/UI/empty_slot.png using Guid(d12e91a42e1999b4dbb8dedc0380c2db) Importer(815301076,1909f56bfc062723c751e8b465ee728b)  -> (artifact id: 'f02ce539b0775578311ddf83931b3518') in 0.013773 seconds 
  Import took 0.016374 seconds .

========================================================================
Received Import Request.
  Time since last request: 0.000307 seconds.
  path: Assets/Resources/sprites/UI/discarded_slot.png
  artifactKey: Guid(fa88f5d68c357c14ea41ab51e9ff4adc) Importer(815301076,1909f56bfc062723c751e8b465ee728b)
Start importing Assets/Resources/sprites/UI/discarded_slot.png using Guid(fa88f5d68c357c14ea41ab51e9ff4adc) Importer(815301076,1909f56bfc062723c751e8b465ee728b)  -> (artifact id: '31ac9b8239f06e490af6ffc128ca76eb') in 0.012283 seconds 
  Import took 0.015592 seconds .

========================================================================
Received Import Request.
  Time since last request: 0.000197 seconds.
  path: Assets/Resources/sprites/UI/drawable_slot.png
  artifactKey: Guid(705e99b691c55804a8e08b81aa9533f0) Importer(815301076,1909f56bfc062723c751e8b465ee728b)
Start importing Assets/Resources/sprites/UI/drawable_slot.png using Guid(705e99b691c55804a8e08b81aa9533f0) Importer(815301076,1909f56bfc062723c751e8b465ee728b)  -> (artifact id: 'a06576d2228838e1886e54a259f3d71f') in 0.015152 seconds 
  Import took 0.017963 seconds .

========================================================================
Received Import Request.
  Time since last request: 0.008467 seconds.
  path: Assets/Resources/sprites/UI/drawable_slot.png
  artifactKey: Guid(705e99b691c55804a8e08b81aa9533f0) Importer(815301076,1909f56bfc062723c751e8b465ee728b)
Start importing Assets/Resources/sprites/UI/drawable_slot.png using Guid(705e99b691c55804a8e08b81aa9533f0) Importer(815301076,1909f56bfc062723c751e8b465ee728b)  -> (artifact id: 'a06576d2228838e1886e54a259f3d71f') in 0.011809 seconds 
  Import took 0.014560 seconds .

========================================================================
Received Import Request.
  Time since last request: 94.703925 seconds.
  path: Assets/Scripts/Object/player/player.cs
  artifactKey: Guid(9be2a3f4aa6a8244388d1d3372c8a02f) Importer(815301076,1909f56bfc062723c751e8b465ee728b)
Start importing Assets/Scripts/Object/player/player.cs using Guid(9be2a3f4aa6a8244388d1d3372c8a02f) Importer(815301076,1909f56bfc062723c751e8b465ee728b)  -> (artifact id: 'dcf8f3c0307737e567318a08660155db') in 0.005903 seconds 
  Import took 0.008586 seconds .

========================================================================
Received Import Request.
  Time since last request: 0.001395 seconds.
  path: Assets/Scripts/Object/player/player.cs
  artifactKey: Guid(9be2a3f4aa6a8244388d1d3372c8a02f) Importer(815301076,1909f56bfc062723c751e8b465ee728b)
Start importing Assets/Scripts/Object/player/player.cs using Guid(9be2a3f4aa6a8244388d1d3372c8a02f) Importer(815301076,1909f56bfc062723c751e8b465ee728b)  -> (artifact id: 'dcf8f3c0307737e567318a08660155db') in 0.002211 seconds 
  Import took 0.004306 seconds .

========================================================================
Received Import Request.
  Time since last request: 49.692350 seconds.
  path: Assets/Scripts/Object/Cards/AnotherCards
  artifactKey: Guid(ab99b559543e7ba4ea1422f18931dc76) Importer(815301076,1909f56bfc062723c751e8b465ee728b)
Start importing Assets/Scripts/Object/Cards/AnotherCards using Guid(ab99b559543e7ba4ea1422f18931dc76) Importer(815301076,1909f56bfc062723c751e8b465ee728b)  -> (artifact id: 'f0d67feaa94c65c76a3a87207ea8417d') in 0.006075 seconds 
  Import took 0.008663 seconds .

========================================================================
Received Import Request.
  Time since last request: 1.436938 seconds.
  path: Assets/Scripts/Object/Cards/AnotherCards/AnotherDeck.cs
  artifactKey: Guid(8ba7356d4345b4e41bcd5d21d8f06439) Importer(815301076,1909f56bfc062723c751e8b465ee728b)
Start importing Assets/Scripts/Object/Cards/AnotherCards/AnotherDeck.cs using Guid(8ba7356d4345b4e41bcd5d21d8f06439) Importer(815301076,1909f56bfc062723c751e8b465ee728b)  -> (artifact id: '1556764e3e8a5e58795c15b208c349b7') in 0.010628 seconds 
  Import took 0.013266 seconds .

========================================================================
Received Import Request.
  Time since last request: 1.099645 seconds.
  path: Assets/Scripts/Object/Cards/AnotherCards/AnotherCards.cs
  artifactKey: Guid(e39a269de3e69144faf6bee6cd6f0266) Importer(815301076,1909f56bfc062723c751e8b465ee728b)
Start importing Assets/Scripts/Object/Cards/AnotherCards/AnotherCards.cs using Guid(e39a269de3e69144faf6bee6cd6f0266) Importer(815301076,1909f56bfc062723c751e8b465ee728b)  -> (artifact id: '0c57380a78bf911f61b91c4984ea0bb0') in 0.002801 seconds 
  Import took 0.005478 seconds .

========================================================================
Received Prepare
Default GameObject BitMask: UI already registered

Registering precompiled user dll's ...
Registered in 0.007792 seconds.
Begin MonoManager ReloadAssembly
Symbol file LoadedFromMemory doesn't match image C:\Users\c4607\OneDrive\문서\GitHub\MaraXiangguoExtraBeef\Library\PackageCache\com.unity.ext.nunit@1.0.0\net35\unity-custom\nunit.framework.dll
Native extension for WindowsStandalone target not found
Refreshing native plugins compatible for Editor in 0.43 ms, found 3 plugins.
Preloading 0 native plugins for Editor in 0.00 ms.
Mono: successfully reloaded assembly
- Completed reload, in  0.657 seconds
Platform modules already initialized, skipping
Refreshing native plugins compatible for Editor in 0.40 ms, found 3 plugins.
Preloading 0 native plugins for Editor in 0.00 ms.
Unloading 1999 Unused Serialized files (Serialized files now loaded: 0)
System memory in use before: 93.7 MB.
System memory in use after: 93.8 MB.

Unloading 15 unused Assets to reduce memory usage. Loaded Objects now: 2464.
Total: 1.618000 ms (FindLiveObjects: 0.132500 ms CreateObjectMapping: 0.038700 ms MarkObjects: 1.432900 ms  DeleteObjects: 0.013000 ms)

AssetImportParameters requested are different than current active one (requested -> active):
  custom:framework-win-MediaFoundation: 216162199b28c13a410421893ffa2e32 -> 
  custom:video-decoder-ogg-theora: a1e56fd34408186e4bbccfd4996cb3dc -> 
  custom:container-muxer-webm: aa71ff27fc2769a1b78a27578f13a17b -> 
  custom:container-demuxer-webm: 4f35f7cbe854078d1ac9338744f61a02 -> 
  custom:container-demuxer-ogg: 62fdf1f143b41e24485cea50d1cbac27 -> 
  custom:video-encoder-webm-vp8: eb34c28f22e8b96e1ab97ce403110664 -> 
  custom:video-decoder-webm-vp8: 9c59270c3fd7afecdb556c50c9e8de78 -> 
  custom:audio-decoder-ogg-vorbis: bf7c407c2cedff20999df2af8eb42d56 -> 
  custom:audio-encoder-webm-vorbis: bf7c407c2cedff20999df2af8eb42d56 -> 
========================================================================
Received Import Request.
  Time since last request: 98.476487 seconds.
  path: Assets/Scripts/Object/Cards/AnotherCards/AnotherDeck.cs
  artifactKey: Guid(8ba7356d4345b4e41bcd5d21d8f06439) Importer(815301076,1909f56bfc062723c751e8b465ee728b)
Start importing Assets/Scripts/Object/Cards/AnotherCards/AnotherDeck.cs using Guid(8ba7356d4345b4e41bcd5d21d8f06439) Importer(815301076,1909f56bfc062723c751e8b465ee728b)  -> (artifact id: '152229279698497467d2849701070004') in 0.005107 seconds 
  Import took 0.007796 seconds .

========================================================================
Received Import Request.
  Time since last request: 0.015947 seconds.
  path: Assets/Scripts/Object/Cards/AnotherCards/AnotherDeck.cs
  artifactKey: Guid(8ba7356d4345b4e41bcd5d21d8f06439) Importer(815301076,1909f56bfc062723c751e8b465ee728b)
Start importing Assets/Scripts/Object/Cards/AnotherCards/AnotherDeck.cs using Guid(8ba7356d4345b4e41bcd5d21d8f06439) Importer(815301076,1909f56bfc062723c751e8b465ee728b)  -> (artifact id: '152229279698497467d2849701070004') in 0.002688 seconds 
  Import took 0.005162 seconds .

========================================================================
Received Prepare
Default GameObject BitMask: UI already registered

Registering precompiled user dll's ...
Registered in 0.005013 seconds.
Begin MonoManager ReloadAssembly
Symbol file LoadedFromMemory doesn't match image C:\Users\c4607\OneDrive\문서\GitHub\MaraXiangguoExtraBeef\Library\PackageCache\com.unity.ext.nunit@1.0.0\net35\unity-custom\nunit.framework.dll
Native extension for WindowsStandalone target not found
Refreshing native plugins compatible for Editor in 0.42 ms, found 3 plugins.
Preloading 0 native plugins for Editor in 0.00 ms.
Mono: successfully reloaded assembly
- Completed reload, in  0.649 seconds
Platform modules already initialized, skipping
Refreshing native plugins compatible for Editor in 0.38 ms, found 3 plugins.
Preloading 0 native plugins for Editor in 0.00 ms.
Unloading 1999 Unused Serialized files (Serialized files now loaded: 0)
System memory in use before: 93.7 MB.
System memory in use after: 93.8 MB.

Unloading 15 unused Assets to reduce memory usage. Loaded Objects now: 2466.
Total: 1.626600 ms (FindLiveObjects: 0.135500 ms CreateObjectMapping: 0.045400 ms MarkObjects: 1.432600 ms  DeleteObjects: 0.012300 ms)

AssetImportParameters requested are different than current active one (requested -> active):
  custom:framework-win-MediaFoundation: 216162199b28c13a410421893ffa2e32 -> 
  custom:video-decoder-ogg-theora: a1e56fd34408186e4bbccfd4996cb3dc -> 
  custom:container-muxer-webm: aa71ff27fc2769a1b78a27578f13a17b -> 
  custom:container-demuxer-webm: 4f35f7cbe854078d1ac9338744f61a02 -> 
  custom:container-demuxer-ogg: 62fdf1f143b41e24485cea50d1cbac27 -> 
  custom:video-encoder-webm-vp8: eb34c28f22e8b96e1ab97ce403110664 -> 
  custom:video-decoder-webm-vp8: 9c59270c3fd7afecdb556c50c9e8de78 -> 
  custom:audio-decoder-ogg-vorbis: bf7c407c2cedff20999df2af8eb42d56 -> 
  custom:audio-encoder-webm-vorbis: bf7c407c2cedff20999df2af8eb42d56 -> 
========================================================================
Received Import Request.
  Time since last request: 2145.938294 seconds.
  path: Assets/Scripts/Object/Thing.cs
  artifactKey: Guid(941c802684507ae47b61f67faba7cce3) Importer(815301076,1909f56bfc062723c751e8b465ee728b)
Start importing Assets/Scripts/Object/Thing.cs using Guid(941c802684507ae47b61f67faba7cce3) Importer(815301076,1909f56bfc062723c751e8b465ee728b)  -> (artifact id: '2a3c6c62ffb26464f15a905af95c39cf') in 0.008719 seconds 
  Import took 0.011475 seconds .

========================================================================
Received Import Request.
  Time since last request: 0.014265 seconds.
  path: Assets/Scripts/Object/Thing.cs
  artifactKey: Guid(941c802684507ae47b61f67faba7cce3) Importer(815301076,1909f56bfc062723c751e8b465ee728b)
Start importing Assets/Scripts/Object/Thing.cs using Guid(941c802684507ae47b61f67faba7cce3) Importer(815301076,1909f56bfc062723c751e8b465ee728b)  -> (artifact id: '2a3c6c62ffb26464f15a905af95c39cf') in 0.002597 seconds 
  Import took 0.004872 seconds .

========================================================================
Received Prepare
Default GameObject BitMask: UI already registered

Registering precompiled user dll's ...
Registered in 0.007715 seconds.
Begin MonoManager ReloadAssembly
Symbol file LoadedFromMemory doesn't match image C:\Users\c4607\OneDrive\문서\GitHub\MaraXiangguoExtraBeef\Library\PackageCache\com.unity.ext.nunit@1.0.0\net35\unity-custom\nunit.framework.dll
Native extension for WindowsStandalone target not found
Refreshing native plugins compatible for Editor in 0.43 ms, found 3 plugins.
Preloading 0 native plugins for Editor in 0.00 ms.
Mono: successfully reloaded assembly
- Completed reload, in  0.670 seconds
Platform modules already initialized, skipping
Refreshing native plugins compatible for Editor in 0.35 ms, found 3 plugins.
Preloading 0 native plugins for Editor in 0.00 ms.
Unloading 1999 Unused Serialized files (Serialized files now loaded: 0)
System memory in use before: 93.7 MB.
System memory in use after: 93.8 MB.

Unloading 15 unused Assets to reduce memory usage. Loaded Objects now: 2468.
Total: 1.825100 ms (FindLiveObjects: 0.156500 ms CreateObjectMapping: 0.053000 ms MarkObjects: 1.602600 ms  DeleteObjects: 0.012400 ms)

AssetImportParameters requested are different than current active one (requested -> active):
  custom:framework-win-MediaFoundation: 216162199b28c13a410421893ffa2e32 -> 
  custom:video-decoder-ogg-theora: a1e56fd34408186e4bbccfd4996cb3dc -> 
  custom:container-muxer-webm: aa71ff27fc2769a1b78a27578f13a17b -> 
  custom:container-demuxer-webm: 4f35f7cbe854078d1ac9338744f61a02 -> 
  custom:container-demuxer-ogg: 62fdf1f143b41e24485cea50d1cbac27 -> 
  custom:video-encoder-webm-vp8: eb34c28f22e8b96e1ab97ce403110664 -> 
  custom:video-decoder-webm-vp8: 9c59270c3fd7afecdb556c50c9e8de78 -> 
  custom:audio-decoder-ogg-vorbis: bf7c407c2cedff20999df2af8eb42d56 -> 
  custom:audio-encoder-webm-vorbis: bf7c407c2cedff20999df2af8eb42d56 -> 
========================================================================
Received Prepare
Default GameObject BitMask: UI already registered

Registering precompiled user dll's ...
Registered in 0.005333 seconds.
Begin MonoManager ReloadAssembly
Symbol file LoadedFromMemory doesn't match image C:\Users\c4607\OneDrive\문서\GitHub\MaraXiangguoExtraBeef\Library\PackageCache\com.unity.ext.nunit@1.0.0\net35\unity-custom\nunit.framework.dll
Native extension for WindowsStandalone target not found
Refreshing native plugins compatible for Editor in 0.42 ms, found 3 plugins.
Preloading 0 native plugins for Editor in 0.00 ms.
Mono: successfully reloaded assembly
- Completed reload, in  0.677 seconds
Platform modules already initialized, skipping
Refreshing native plugins compatible for Editor in 0.41 ms, found 3 plugins.
Preloading 0 native plugins for Editor in 0.00 ms.
Unloading 1999 Unused Serialized files (Serialized files now loaded: 0)
System memory in use before: 93.7 MB.
System memory in use after: 93.8 MB.

Unloading 15 unused Assets to reduce memory usage. Loaded Objects now: 2470.
Total: 1.848000 ms (FindLiveObjects: 0.168800 ms CreateObjectMapping: 0.054200 ms MarkObjects: 1.610400 ms  DeleteObjects: 0.013700 ms)

AssetImportParameters requested are different than current active one (requested -> active):
  custom:framework-win-MediaFoundation: 216162199b28c13a410421893ffa2e32 -> 
  custom:video-decoder-ogg-theora: a1e56fd34408186e4bbccfd4996cb3dc -> 
  custom:container-muxer-webm: aa71ff27fc2769a1b78a27578f13a17b -> 
  custom:container-demuxer-webm: 4f35f7cbe854078d1ac9338744f61a02 -> 
  custom:container-demuxer-ogg: 62fdf1f143b41e24485cea50d1cbac27 -> 
  custom:video-encoder-webm-vp8: eb34c28f22e8b96e1ab97ce403110664 -> 
  custom:video-decoder-webm-vp8: 9c59270c3fd7afecdb556c50c9e8de78 -> 
  custom:audio-decoder-ogg-vorbis: bf7c407c2cedff20999df2af8eb42d56 -> 
  custom:audio-encoder-webm-vorbis: bf7c407c2cedff20999df2af8eb42d56 -> 
========================================================================
Received Prepare
Default GameObject BitMask: UI already registered

Registering precompiled user dll's ...
Registered in 0.004919 seconds.
Begin MonoManager ReloadAssembly
Symbol file LoadedFromMemory doesn't match image C:\Users\c4607\OneDrive\문서\GitHub\MaraXiangguoExtraBeef\Library\PackageCache\com.unity.ext.nunit@1.0.0\net35\unity-custom\nunit.framework.dll
Native extension for WindowsStandalone target not found
Refreshing native plugins compatible for Editor in 0.42 ms, found 3 plugins.
Preloading 0 native plugins for Editor in 0.00 ms.
Mono: successfully reloaded assembly
- Completed reload, in  0.660 seconds
Platform modules already initialized, skipping
Refreshing native plugins compatible for Editor in 0.39 ms, found 3 plugins.
Preloading 0 native plugins for Editor in 0.00 ms.
Unloading 1999 Unused Serialized files (Serialized files now loaded: 0)
System memory in use before: 93.7 MB.
System memory in use after: 93.8 MB.

Unloading 15 unused Assets to reduce memory usage. Loaded Objects now: 2472.
Total: 1.878000 ms (FindLiveObjects: 0.174500 ms CreateObjectMapping: 0.058100 ms MarkObjects: 1.631400 ms  DeleteObjects: 0.013100 ms)

AssetImportParameters requested are different than current active one (requested -> active):
  custom:framework-win-MediaFoundation: 216162199b28c13a410421893ffa2e32 -> 
  custom:video-decoder-ogg-theora: a1e56fd34408186e4bbccfd4996cb3dc -> 
  custom:container-muxer-webm: aa71ff27fc2769a1b78a27578f13a17b -> 
  custom:container-demuxer-webm: 4f35f7cbe854078d1ac9338744f61a02 -> 
  custom:container-demuxer-ogg: 62fdf1f143b41e24485cea50d1cbac27 -> 
  custom:video-encoder-webm-vp8: eb34c28f22e8b96e1ab97ce403110664 -> 
  custom:video-decoder-webm-vp8: 9c59270c3fd7afecdb556c50c9e8de78 -> 
  custom:audio-decoder-ogg-vorbis: bf7c407c2cedff20999df2af8eb42d56 -> 
  custom:audio-encoder-webm-vorbis: bf7c407c2cedff20999df2af8eb42d56 -> 
========================================================================
Received Prepare
Default GameObject BitMask: UI already registered

Registering precompiled user dll's ...
Registered in 0.005603 seconds.
Begin MonoManager ReloadAssembly
Symbol file LoadedFromMemory doesn't match image C:\Users\c4607\OneDrive\문서\GitHub\MaraXiangguoExtraBeef\Library\PackageCache\com.unity.ext.nunit@1.0.0\net35\unity-custom\nunit.framework.dll
Native extension for WindowsStandalone target not found
Refreshing native plugins compatible for Editor in 0.44 ms, found 3 plugins.
Preloading 0 native plugins for Editor in 0.00 ms.
Mono: successfully reloaded assembly
- Completed reload, in  0.751 seconds
Platform modules already initialized, skipping
Refreshing native plugins compatible for Editor in 0.41 ms, found 3 plugins.
Preloading 0 native plugins for Editor in 0.00 ms.
Unloading 1999 Unused Serialized files (Serialized files now loaded: 0)
System memory in use before: 93.7 MB.
System memory in use after: 93.8 MB.

Unloading 15 unused Assets to reduce memory usage. Loaded Objects now: 2474.
Total: 1.988300 ms (FindLiveObjects: 0.168700 ms CreateObjectMapping: 0.054800 ms MarkObjects: 1.748700 ms  DeleteObjects: 0.015500 ms)

AssetImportParameters requested are different than current active one (requested -> active):
  custom:framework-win-MediaFoundation: 216162199b28c13a410421893ffa2e32 -> 
  custom:video-decoder-ogg-theora: a1e56fd34408186e4bbccfd4996cb3dc -> 
  custom:container-muxer-webm: aa71ff27fc2769a1b78a27578f13a17b -> 
  custom:container-demuxer-webm: 4f35f7cbe854078d1ac9338744f61a02 -> 
  custom:container-demuxer-ogg: 62fdf1f143b41e24485cea50d1cbac27 -> 
  custom:video-encoder-webm-vp8: eb34c28f22e8b96e1ab97ce403110664 -> 
  custom:video-decoder-webm-vp8: 9c59270c3fd7afecdb556c50c9e8de78 -> 
  custom:audio-decoder-ogg-vorbis: bf7c407c2cedff20999df2af8eb42d56 -> 
  custom:audio-encoder-webm-vorbis: bf7c407c2cedff20999df2af8eb42d56 -> 
========================================================================
Received Import Request.
  Time since last request: 2090.060432 seconds.
  path: Assets/Scripts/Dungeon.cs
  artifactKey: Guid(481f9a45a6b9b5347a7ebb1dd7577f47) Importer(815301076,1909f56bfc062723c751e8b465ee728b)
Start importing Assets/Scripts/Dungeon.cs using Guid(481f9a45a6b9b5347a7ebb1dd7577f47) Importer(815301076,1909f56bfc062723c751e8b465ee728b)  -> (artifact id: '3cdf722e7b4f9d72127f0c384f8964b5') in 0.008553 seconds 
  Import took 0.011452 seconds .

========================================================================
Received Prepare
Default GameObject BitMask: UI already registered

Registering precompiled user dll's ...
Registered in 0.006058 seconds.
Begin MonoManager ReloadAssembly
Symbol file LoadedFromMemory doesn't match image C:\Users\c4607\OneDrive\문서\GitHub\MaraXiangguoExtraBeef\Library\PackageCache\com.unity.ext.nunit@1.0.0\net35\unity-custom\nunit.framework.dll
Native extension for WindowsStandalone target not found
Refreshing native plugins compatible for Editor in 0.51 ms, found 3 plugins.
Preloading 0 native plugins for Editor in 0.00 ms.
Mono: successfully reloaded assembly
- Completed reload, in  0.773 seconds
Platform modules already initialized, skipping
Refreshing native plugins compatible for Editor in 0.42 ms, found 3 plugins.
Preloading 0 native plugins for Editor in 0.00 ms.
Unloading 1999 Unused Serialized files (Serialized files now loaded: 0)
System memory in use before: 93.7 MB.
System memory in use after: 93.8 MB.

Unloading 15 unused Assets to reduce memory usage. Loaded Objects now: 2476.
Total: 1.984200 ms (FindLiveObjects: 0.193300 ms CreateObjectMapping: 0.068100 ms MarkObjects: 1.708700 ms  DeleteObjects: 0.013500 ms)

AssetImportParameters requested are different than current active one (requested -> active):
  custom:framework-win-MediaFoundation: 216162199b28c13a410421893ffa2e32 -> 
  custom:video-decoder-ogg-theora: a1e56fd34408186e4bbccfd4996cb3dc -> 
  custom:container-muxer-webm: aa71ff27fc2769a1b78a27578f13a17b -> 
  custom:container-demuxer-webm: 4f35f7cbe854078d1ac9338744f61a02 -> 
  custom:container-demuxer-ogg: 62fdf1f143b41e24485cea50d1cbac27 -> 
  custom:video-encoder-webm-vp8: eb34c28f22e8b96e1ab97ce403110664 -> 
  custom:video-decoder-webm-vp8: 9c59270c3fd7afecdb556c50c9e8de78 -> 
  custom:audio-decoder-ogg-vorbis: bf7c407c2cedff20999df2af8eb42d56 -> 
  custom:audio-encoder-webm-vorbis: bf7c407c2cedff20999df2af8eb42d56 -> 
========================================================================
Received Prepare
Default GameObject BitMask: UI already registered

Registering precompiled user dll's ...
Registered in 0.004831 seconds.
Begin MonoManager ReloadAssembly
Symbol file LoadedFromMemory doesn't match image C:\Users\c4607\OneDrive\문서\GitHub\MaraXiangguoExtraBeef\Library\PackageCache\com.unity.ext.nunit@1.0.0\net35\unity-custom\nunit.framework.dll
Native extension for WindowsStandalone target not found
Refreshing native plugins compatible for Editor in 0.42 ms, found 3 plugins.
Preloading 0 native plugins for Editor in 0.00 ms.
Mono: successfully reloaded assembly
- Completed reload, in  0.668 seconds
Platform modules already initialized, skipping
Refreshing native plugins compatible for Editor in 0.44 ms, found 3 plugins.
Preloading 0 native plugins for Editor in 0.00 ms.
Unloading 1999 Unused Serialized files (Serialized files now loaded: 0)
System memory in use before: 93.7 MB.
System memory in use after: 93.8 MB.

Unloading 15 unused Assets to reduce memory usage. Loaded Objects now: 2478.
Total: 1.856000 ms (FindLiveObjects: 0.162100 ms CreateObjectMapping: 0.052900 ms MarkObjects: 1.627100 ms  DeleteObjects: 0.012900 ms)

AssetImportParameters requested are different than current active one (requested -> active):
  custom:framework-win-MediaFoundation: 216162199b28c13a410421893ffa2e32 -> 
  custom:video-decoder-ogg-theora: a1e56fd34408186e4bbccfd4996cb3dc -> 
  custom:container-muxer-webm: aa71ff27fc2769a1b78a27578f13a17b -> 
  custom:container-demuxer-webm: 4f35f7cbe854078d1ac9338744f61a02 -> 
  custom:container-demuxer-ogg: 62fdf1f143b41e24485cea50d1cbac27 -> 
  custom:video-encoder-webm-vp8: eb34c28f22e8b96e1ab97ce403110664 -> 
  custom:video-decoder-webm-vp8: 9c59270c3fd7afecdb556c50c9e8de78 -> 
  custom:audio-decoder-ogg-vorbis: bf7c407c2cedff20999df2af8eb42d56 -> 
  custom:audio-encoder-webm-vorbis: bf7c407c2cedff20999df2af8eb42d56 -> 
========================================================================
Received Prepare
Default GameObject BitMask: UI already registered

Registering precompiled user dll's ...
Registered in 0.004924 seconds.
Begin MonoManager ReloadAssembly
Symbol file LoadedFromMemory doesn't match image C:\Users\c4607\OneDrive\문서\GitHub\MaraXiangguoExtraBeef\Library\PackageCache\com.unity.ext.nunit@1.0.0\net35\unity-custom\nunit.framework.dll
Native extension for WindowsStandalone target not found
Refreshing native plugins compatible for Editor in 0.43 ms, found 3 plugins.
Preloading 0 native plugins for Editor in 0.00 ms.
Mono: successfully reloaded assembly
- Completed reload, in  0.670 seconds
Platform modules already initialized, skipping
Refreshing native plugins compatible for Editor in 0.38 ms, found 3 plugins.
Preloading 0 native plugins for Editor in 0.00 ms.
Unloading 1999 Unused Serialized files (Serialized files now loaded: 0)
System memory in use before: 93.7 MB.
System memory in use after: 93.8 MB.

Unloading 15 unused Assets to reduce memory usage. Loaded Objects now: 2480.
Total: 1.797000 ms (FindLiveObjects: 0.153600 ms CreateObjectMapping: 0.047800 ms MarkObjects: 1.582000 ms  DeleteObjects: 0.012800 ms)

AssetImportParameters requested are different than current active one (requested -> active):
  custom:framework-win-MediaFoundation: 216162199b28c13a410421893ffa2e32 -> 
  custom:video-decoder-ogg-theora: a1e56fd34408186e4bbccfd4996cb3dc -> 
  custom:container-muxer-webm: aa71ff27fc2769a1b78a27578f13a17b -> 
  custom:container-demuxer-webm: 4f35f7cbe854078d1ac9338744f61a02 -> 
  custom:container-demuxer-ogg: 62fdf1f143b41e24485cea50d1cbac27 -> 
  custom:video-encoder-webm-vp8: eb34c28f22e8b96e1ab97ce403110664 -> 
  custom:video-decoder-webm-vp8: 9c59270c3fd7afecdb556c50c9e8de78 -> 
  custom:audio-decoder-ogg-vorbis: bf7c407c2cedff20999df2af8eb42d56 -> 
  custom:audio-encoder-webm-vorbis: bf7c407c2cedff20999df2af8eb42d56 -> 
========================================================================
Received Prepare
Default GameObject BitMask: UI already registered

Registering precompiled user dll's ...
Registered in 0.004891 seconds.
Begin MonoManager ReloadAssembly
Symbol file LoadedFromMemory doesn't match image C:\Users\c4607\OneDrive\문서\GitHub\MaraXiangguoExtraBeef\Library\PackageCache\com.unity.ext.nunit@1.0.0\net35\unity-custom\nunit.framework.dll
Native extension for WindowsStandalone target not found
Refreshing native plugins compatible for Editor in 0.42 ms, found 3 plugins.
Preloading 0 native plugins for Editor in 0.00 ms.
Mono: successfully reloaded assembly
- Completed reload, in  0.655 seconds
Platform modules already initialized, skipping
Refreshing native plugins compatible for Editor in 0.43 ms, found 3 plugins.
Preloading 0 native plugins for Editor in 0.00 ms.
Unloading 1999 Unused Serialized files (Serialized files now loaded: 0)
System memory in use before: 93.7 MB.
System memory in use after: 93.9 MB.

Unloading 15 unused Assets to reduce memory usage. Loaded Objects now: 2482.
Total: 1.869000 ms (FindLiveObjects: 0.168300 ms CreateObjectMapping: 0.054500 ms MarkObjects: 1.633400 ms  DeleteObjects: 0.012000 ms)

AssetImportParameters requested are different than current active one (requested -> active):
  custom:framework-win-MediaFoundation: 216162199b28c13a410421893ffa2e32 -> 
  custom:video-decoder-ogg-theora: a1e56fd34408186e4bbccfd4996cb3dc -> 
  custom:container-muxer-webm: aa71ff27fc2769a1b78a27578f13a17b -> 
  custom:container-demuxer-webm: 4f35f7cbe854078d1ac9338744f61a02 -> 
  custom:container-demuxer-ogg: 62fdf1f143b41e24485cea50d1cbac27 -> 
  custom:video-encoder-webm-vp8: eb34c28f22e8b96e1ab97ce403110664 -> 
  custom:video-decoder-webm-vp8: 9c59270c3fd7afecdb556c50c9e8de78 -> 
  custom:audio-decoder-ogg-vorbis: bf7c407c2cedff20999df2af8eb42d56 -> 
  custom:audio-encoder-webm-vorbis: bf7c407c2cedff20999df2af8eb42d56 -> 
========================================================================
Received Import Request.
  Time since last request: 228.204011 seconds.
  path: Assets/Scripts/System/UI/AnotherUI.cs
  artifactKey: Guid(bb699af5b6f8047489362361ea6840f0) Importer(815301076,1909f56bfc062723c751e8b465ee728b)
Start importing Assets/Scripts/System/UI/AnotherUI.cs using Guid(bb699af5b6f8047489362361ea6840f0) Importer(815301076,1909f56bfc062723c751e8b465ee728b)  -> (artifact id: 'fe3dde44e62216a27a33d636764eb420') in 0.007653 seconds 
  Import took 0.010122 seconds .

========================================================================
Received Prepare
Default GameObject BitMask: UI already registered

Registering precompiled user dll's ...
Registered in 0.004569 seconds.
Begin MonoManager ReloadAssembly
Symbol file LoadedFromMemory doesn't match image C:\Users\c4607\OneDrive\문서\GitHub\MaraXiangguoExtraBeef\Library\PackageCache\com.unity.ext.nunit@1.0.0\net35\unity-custom\nunit.framework.dll
Native extension for WindowsStandalone target not found
Refreshing native plugins compatible for Editor in 0.42 ms, found 3 plugins.
Preloading 0 native plugins for Editor in 0.00 ms.
Mono: successfully reloaded assembly
- Completed reload, in  0.649 seconds
Platform modules already initialized, skipping
Refreshing native plugins compatible for Editor in 0.40 ms, found 3 plugins.
Preloading 0 native plugins for Editor in 0.00 ms.
Unloading 1998 Unused Serialized files (Serialized files now loaded: 0)
System memory in use before: 93.7 MB.
System memory in use after: 93.8 MB.

Unloading 16 unused Assets to reduce memory usage. Loaded Objects now: 2483.
Total: 1.628500 ms (FindLiveObjects: 0.139500 ms CreateObjectMapping: 0.046200 ms MarkObjects: 1.428800 ms  DeleteObjects: 0.013400 ms)

AssetImportParameters requested are different than current active one (requested -> active):
  custom:framework-win-MediaFoundation: 216162199b28c13a410421893ffa2e32 -> 
  custom:video-decoder-ogg-theora: a1e56fd34408186e4bbccfd4996cb3dc -> 
  custom:container-muxer-webm: aa71ff27fc2769a1b78a27578f13a17b -> 
  custom:container-demuxer-webm: 4f35f7cbe854078d1ac9338744f61a02 -> 
  custom:container-demuxer-ogg: 62fdf1f143b41e24485cea50d1cbac27 -> 
  custom:video-encoder-webm-vp8: eb34c28f22e8b96e1ab97ce403110664 -> 
  custom:video-decoder-webm-vp8: 9c59270c3fd7afecdb556c50c9e8de78 -> 
  custom:audio-decoder-ogg-vorbis: bf7c407c2cedff20999df2af8eb42d56 -> 
  custom:audio-encoder-webm-vorbis: bf7c407c2cedff20999df2af8eb42d56 -> 
========================================================================
Received Prepare
Default GameObject BitMask: UI already registered

Registering precompiled user dll's ...
Registered in 0.006286 seconds.
Begin MonoManager ReloadAssembly
Symbol file LoadedFromMemory doesn't match image C:\Users\c4607\OneDrive\문서\GitHub\MaraXiangguoExtraBeef\Library\PackageCache\com.unity.ext.nunit@1.0.0\net35\unity-custom\nunit.framework.dll
Native extension for WindowsStandalone target not found
Refreshing native plugins compatible for Editor in 0.42 ms, found 3 plugins.
Preloading 0 native plugins for Editor in 0.00 ms.
Mono: successfully reloaded assembly
- Completed reload, in  0.648 seconds
Platform modules already initialized, skipping
Refreshing native plugins compatible for Editor in 0.41 ms, found 3 plugins.
Preloading 0 native plugins for Editor in 0.00 ms.
Unloading 1998 Unused Serialized files (Serialized files now loaded: 0)
System memory in use before: 93.7 MB.
System memory in use after: 93.8 MB.

Unloading 15 unused Assets to reduce memory usage. Loaded Objects now: 2485.
Total: 1.848400 ms (FindLiveObjects: 0.169900 ms CreateObjectMapping: 0.055900 ms MarkObjects: 1.609000 ms  DeleteObjects: 0.012600 ms)

AssetImportParameters requested are different than current active one (requested -> active):
  custom:framework-win-MediaFoundation: 216162199b28c13a410421893ffa2e32 -> 
  custom:video-decoder-ogg-theora: a1e56fd34408186e4bbccfd4996cb3dc -> 
  custom:container-muxer-webm: aa71ff27fc2769a1b78a27578f13a17b -> 
  custom:container-demuxer-webm: 4f35f7cbe854078d1ac9338744f61a02 -> 
  custom:container-demuxer-ogg: 62fdf1f143b41e24485cea50d1cbac27 -> 
  custom:video-encoder-webm-vp8: eb34c28f22e8b96e1ab97ce403110664 -> 
  custom:video-decoder-webm-vp8: 9c59270c3fd7afecdb556c50c9e8de78 -> 
  custom:audio-decoder-ogg-vorbis: bf7c407c2cedff20999df2af8eb42d56 -> 
  custom:audio-encoder-webm-vorbis: bf7c407c2cedff20999df2af8eb42d56 -> 
AssetImportWorkerClient::OnTransportError - code=2 error=End of file
