Using pre-set license
Built from '2020.3/release' branch; Version is '2020.3.12f1 (b3b2c6512326) revision 11776710'; Using compiler version '192528614'; Build Type 'Release'
OS: 'Windows 10 Home; OS build 19042.1348; Version 2009; 64bit' Language: 'ko' Physical Memory: 16310 MB
BatchMode: 1, IsHumanControllingUs: 0, StartBugReporterOnCrash: 0, Is64bit: 1, IsPro: 0

 COMMAND LINE ARGUMENTS:
C:\Program Files\Unity\Editor\Unity.exe
-adb2
-batchMode
-noUpm
-name
AssetImportWorker1
-projectPath
C:/Users/c4607/OneDrive/문서/GitHub/MaraXiangguoExtraBeef
-logFile
Logs/AssetImportWorker1.log
-srvPort
56454
Successfully changed project path to: C:/Users/c4607/OneDrive/문서/GitHub/MaraXiangguoExtraBeef
C:/Users/c4607/OneDrive/문서/GitHub/MaraXiangguoExtraBeef
Using Asset Import Pipeline V2.
Default GameObject BitMask: UI already registered

Refreshing native plugins compatible for Editor in 30.01 ms, found 3 plugins.
Preloading 0 native plugins for Editor in 0.00 ms.
Initialize engine version: 2020.3.12f1 (b3b2c6512326)
[Subsystems] Discovering subsystems at path C:/Program Files/Unity/Editor/Data/Resources/UnitySubsystems
[Subsystems] Discovering subsystems at path C:/Users/c4607/OneDrive/문서/GitHub/MaraXiangguoExtraBeef/Assets
GfxDevice: creating device client; threaded=0
Direct3D:
    Version:  Direct3D 11.0 [level 11.1]
    Renderer: NVIDIA GeForce GTX 970 (ID=0x13c2)
    Vendor:   
    VRAM:     4043 MB
    Driver:   27.21.14.5671
Initialize mono
Mono path[0] = 'C:/Program Files/Unity/Editor/Data/Managed'
Mono path[1] = 'C:/Program Files/Unity/Editor/Data/MonoBleedingEdge/lib/mono/unityjit'
Mono config path = 'C:/Program Files/Unity/Editor/Data/MonoBleedingEdge/etc'
Using monoOptions --debugger-agent=transport=dt_socket,embedding=1,server=y,suspend=n,address=127.0.0.1:56392
Begin MonoManager ReloadAssembly
Registering precompiled unity dll's ...
Register platform support module: C:/Program Files/Unity/Editor/Data/PlaybackEngines/WindowsStandaloneSupport/UnityEditor.WindowsStandalone.Extensions.dll
Registered in 0.002529 seconds.
Native extension for WindowsStandalone target not found
Refreshing native plugins compatible for Editor in 26.31 ms, found 3 plugins.
Preloading 0 native plugins for Editor in 0.00 ms.
Mono: successfully reloaded assembly
- Completed reload, in  0.985 seconds
Platform modules already initialized, skipping
Registering precompiled user dll's ...
Registered in 0.004867 seconds.
Begin MonoManager ReloadAssembly
Symbol file LoadedFromMemory doesn't match image C:\Users\c4607\OneDrive\문서\GitHub\MaraXiangguoExtraBeef\Library\PackageCache\com.unity.ext.nunit@1.0.0\net35\unity-custom\nunit.framework.dll
Native extension for WindowsStandalone target not found
Refreshing native plugins compatible for Editor in 27.14 ms, found 3 plugins.
Preloading 0 native plugins for Editor in 0.00 ms.
Mono: successfully reloaded assembly
- Completed reload, in  0.773 seconds
Platform modules already initialized, skipping
========================================================================
Worker process is ready to serve import requests
Default GameObject BitMask: UI already registered

Launched and connected shader compiler UnityShaderCompiler.exe after 0.06 seconds
Refreshing native plugins compatible for Editor in 0.44 ms, found 3 plugins.
Preloading 0 native plugins for Editor in 0.00 ms.
Unloading 2009 Unused Serialized files (Serialized files now loaded: 0)
System memory in use before: 91.3 MB.
System memory in use after: 91.4 MB.

Unloading 25 unused Assets to reduce memory usage. Loaded Objects now: 2447.
Total: 1.935300 ms (FindLiveObjects: 0.180600 ms CreateObjectMapping: 0.064100 ms MarkObjects: 1.639800 ms  DeleteObjects: 0.050000 ms)

AssetImportParameters requested are different than current active one (requested -> active):
  custom:framework-win-MediaFoundation: 216162199b28c13a410421893ffa2e32 -> 
  custom:video-decoder-ogg-theora: a1e56fd34408186e4bbccfd4996cb3dc -> 
  custom:container-muxer-webm: aa71ff27fc2769a1b78a27578f13a17b -> 
  custom:container-demuxer-webm: 4f35f7cbe854078d1ac9338744f61a02 -> 
  custom:container-demuxer-ogg: 62fdf1f143b41e24485cea50d1cbac27 -> 
  custom:video-encoder-webm-vp8: eb34c28f22e8b96e1ab97ce403110664 -> 
  custom:video-decoder-webm-vp8: 9c59270c3fd7afecdb556c50c9e8de78 -> 
  custom:audio-decoder-ogg-vorbis: bf7c407c2cedff20999df2af8eb42d56 -> 
  custom:audio-encoder-webm-vorbis: bf7c407c2cedff20999df2af8eb42d56 -> 
========================================================================
Received Import Request.
  path: Assets/Scripts/Object/Enemy/Gnoll.cs
  artifactKey: Guid(bb7df64dc0b6e01438acea00f1d140f5) Importer(815301076,1909f56bfc062723c751e8b465ee728b)
Start importing Assets/Scripts/Object/Enemy/Gnoll.cs using Guid(bb7df64dc0b6e01438acea00f1d140f5) Importer(815301076,1909f56bfc062723c751e8b465ee728b)  -> (artifact id: '20aed7dedc1652b0f44ed6b08d06e299') in 0.026957 seconds 
  Import took 0.029559 seconds .

========================================================================
Received Import Request.
  Time since last request: 46.408648 seconds.
  path: Assets/Scripts/Object/Enemy/PoisonTile.cs
  artifactKey: Guid(dce5941c376e5a14788f84782b7af69f) Importer(815301076,1909f56bfc062723c751e8b465ee728b)
Start importing Assets/Scripts/Object/Enemy/PoisonTile.cs using Guid(dce5941c376e5a14788f84782b7af69f) Importer(815301076,1909f56bfc062723c751e8b465ee728b)  -> (artifact id: '32467e2b24d1ed724c8b38bf65265f0d') in 0.012122 seconds 
  Import took 0.014974 seconds .

========================================================================
Received Import Request.
  Time since last request: 2.078932 seconds.
  path: Assets/Scripts/Object/Enemy/Slime.cs
  artifactKey: Guid(e86ab205ae99c9845a56a01f7ecea7ab) Importer(815301076,1909f56bfc062723c751e8b465ee728b)
Start importing Assets/Scripts/Object/Enemy/Slime.cs using Guid(e86ab205ae99c9845a56a01f7ecea7ab) Importer(815301076,1909f56bfc062723c751e8b465ee728b)  -> (artifact id: '27bb1188a607745df79e881daaff0957') in 0.007573 seconds 
  Import took 0.010345 seconds .

========================================================================
Received Import Request.
  Time since last request: 280.988403 seconds.
  path: Assets/Scenes/menu.unity
  artifactKey: Guid(4e2625206d9e1b944a778676319fba6e) Importer(815301076,1909f56bfc062723c751e8b465ee728b)
Start importing Assets/Scenes/menu.unity using Guid(4e2625206d9e1b944a778676319fba6e) Importer(815301076,1909f56bfc062723c751e8b465ee728b)  -> (artifact id: 'b588f24b3825c4350f8388f67a7403e6') in 0.012855 seconds 
  Import took 0.015903 seconds .

========================================================================
Received Import Request.
  Time since last request: 141.274889 seconds.
  path: Assets/Resources/prefabs/UI/discrded_butt.prefab
  artifactKey: Guid(245b1969e8c213e4d93fd1f052cc1233) Importer(815301076,1909f56bfc062723c751e8b465ee728b)
Start importing Assets/Resources/prefabs/UI/discrded_butt.prefab using Guid(245b1969e8c213e4d93fd1f052cc1233) Importer(815301076,1909f56bfc062723c751e8b465ee728b)  -> (artifact id: '8c69864fc3fd06239be655a51f1c1630') in 0.027550 seconds 
  Import took 0.030292 seconds .

========================================================================
Received Import Request.
  Time since last request: 0.000164 seconds.
  path: Assets/Resources/prefabs/UI/hand_slot.prefab
  artifactKey: Guid(4dc61c8da39b4cc428685273d5a117b3) Importer(815301076,1909f56bfc062723c751e8b465ee728b)
Start importing Assets/Resources/prefabs/UI/hand_slot.prefab using Guid(4dc61c8da39b4cc428685273d5a117b3) Importer(815301076,1909f56bfc062723c751e8b465ee728b)  -> (artifact id: '59a97ee785bb306af5ec4a6ce379ad48') in 0.011964 seconds 
  Import took 0.014125 seconds .

========================================================================
Received Import Request.
  Time since last request: 0.000173 seconds.
  path: Assets/Resources/prefabs/UI/stat.prefab
  artifactKey: Guid(3dfff7b3b7920fe419a880b1680042ea) Importer(815301076,1909f56bfc062723c751e8b465ee728b)
Start importing Assets/Resources/prefabs/UI/stat.prefab using Guid(3dfff7b3b7920fe419a880b1680042ea) Importer(815301076,1909f56bfc062723c751e8b465ee728b)  -> (artifact id: 'cdc76e189b939ab2461859e1389d521d') in 0.007487 seconds 
  Import took 0.009830 seconds .

========================================================================
Received Import Request.
  Time since last request: 0.000158 seconds.
  path: Assets/Resources/prefabs/UI/drawable_butt.prefab
  artifactKey: Guid(6a6081e745677c74da7c6c9688ed60bc) Importer(815301076,1909f56bfc062723c751e8b465ee728b)
Start importing Assets/Resources/prefabs/UI/drawable_butt.prefab using Guid(6a6081e745677c74da7c6c9688ed60bc) Importer(815301076,1909f56bfc062723c751e8b465ee728b)  -> (artifact id: '292ce531fcebc18bb991947e6d7a72b4') in 0.011200 seconds 
  Import took 0.013485 seconds .

========================================================================
Received Import Request.
  Time since last request: 8.922435 seconds.
  path: Assets/Resources/sprites/UI/던전 배경화면.jfif
  artifactKey: Guid(f3ec1224bc111654e8caf40c409d9bfb) Importer(815301076,1909f56bfc062723c751e8b465ee728b)
Start importing Assets/Resources/sprites/UI/던전 배경화면.jfif using Guid(f3ec1224bc111654e8caf40c409d9bfb) Importer(815301076,1909f56bfc062723c751e8b465ee728b)  -> (artifact id: 'bb182c8e8e70c7bcf0fe54aabd02f213') in 0.016767 seconds 
  Import took 0.019430 seconds .

========================================================================
Received Import Request.
  Time since last request: 207.504352 seconds.
  path: Assets/Resources/sprites/UI/images.jfif
  artifactKey: Guid(a3ac1daa038fe1b4c8f16bad5ea183ac) Importer(815301076,1909f56bfc062723c751e8b465ee728b)
Start importing Assets/Resources/sprites/UI/images.jfif using Guid(a3ac1daa038fe1b4c8f16bad5ea183ac) Importer(815301076,1909f56bfc062723c751e8b465ee728b)  -> (artifact id: '535955bb41d1280c84231efe14bb7680') in 0.007036 seconds 
  Import took 0.009937 seconds .

========================================================================
Received Import Request.
  Time since last request: 47.148000 seconds.
  path: Assets/Resources/sprites/UI/images.png.jfif
  artifactKey: Guid(a3ac1daa038fe1b4c8f16bad5ea183ac) Importer(815301076,1909f56bfc062723c751e8b465ee728b)
Start importing Assets/Resources/sprites/UI/images.png.jfif using Guid(a3ac1daa038fe1b4c8f16bad5ea183ac) Importer(815301076,1909f56bfc062723c751e8b465ee728b)  -> (artifact id: 'f3c3e41f3e6d05a4b31054d449e27d13') in 0.007291 seconds 
  Import took 0.010222 seconds .

========================================================================
Received Import Request.
  Time since last request: 84.130719 seconds.
  path: Assets/Resources/sprites/UI/images.png
  artifactKey: Guid(416b4d7f298da7f42b268969ea75c768) Importer(815301076,1909f56bfc062723c751e8b465ee728b)
Start importing Assets/Resources/sprites/UI/images.png using Guid(416b4d7f298da7f42b268969ea75c768) Importer(815301076,1909f56bfc062723c751e8b465ee728b)  -> (artifact id: '6473874537a986ad197a68bf3100b45d') in 0.045462 seconds 
  Import took 0.048374 seconds .

========================================================================
Received Prepare
Default GameObject BitMask: UI already registered

Registering precompiled user dll's ...
Registered in 0.004797 seconds.
Begin MonoManager ReloadAssembly
Symbol file LoadedFromMemory doesn't match image C:\Users\c4607\OneDrive\문서\GitHub\MaraXiangguoExtraBeef\Library\PackageCache\com.unity.ext.nunit@1.0.0\net35\unity-custom\nunit.framework.dll
Native extension for WindowsStandalone target not found
Refreshing native plugins compatible for Editor in 0.43 ms, found 3 plugins.
Preloading 0 native plugins for Editor in 0.00 ms.
Mono: successfully reloaded assembly
- Completed reload, in  0.672 seconds
Platform modules already initialized, skipping
Refreshing native plugins compatible for Editor in 0.51 ms, found 3 plugins.
Preloading 0 native plugins for Editor in 0.00 ms.
Unloading 1999 Unused Serialized files (Serialized files now loaded: 0)
System memory in use before: 93.7 MB.
System memory in use after: 93.8 MB.

Unloading 15 unused Assets to reduce memory usage. Loaded Objects now: 2455.
Total: 2.235000 ms (FindLiveObjects: 0.202300 ms CreateObjectMapping: 0.071900 ms MarkObjects: 1.943500 ms  DeleteObjects: 0.016500 ms)

AssetImportParameters requested are different than current active one (requested -> active):
  custom:framework-win-MediaFoundation: 216162199b28c13a410421893ffa2e32 -> 
  custom:video-decoder-ogg-theora: a1e56fd34408186e4bbccfd4996cb3dc -> 
  custom:container-muxer-webm: aa71ff27fc2769a1b78a27578f13a17b -> 
  custom:container-demuxer-webm: 4f35f7cbe854078d1ac9338744f61a02 -> 
  custom:container-demuxer-ogg: 62fdf1f143b41e24485cea50d1cbac27 -> 
  custom:video-encoder-webm-vp8: eb34c28f22e8b96e1ab97ce403110664 -> 
  custom:video-decoder-webm-vp8: 9c59270c3fd7afecdb556c50c9e8de78 -> 
  custom:audio-decoder-ogg-vorbis: bf7c407c2cedff20999df2af8eb42d56 -> 
  custom:audio-encoder-webm-vorbis: bf7c407c2cedff20999df2af8eb42d56 -> 
========================================================================
Received Import Request.
  Time since last request: 249.774373 seconds.
  path: Assets/Resources/sprites/UI/carduneon.png
  artifactKey: Guid(ed6681602f846ab4b8980fe30af6b8d6) Importer(815301076,1909f56bfc062723c751e8b465ee728b)
Start importing Assets/Resources/sprites/UI/carduneon.png using Guid(ed6681602f846ab4b8980fe30af6b8d6) Importer(815301076,1909f56bfc062723c751e8b465ee728b)  -> (artifact id: '1937a2a1bf61a25e0d8f820769efd4b9') in 0.039165 seconds 
  Import took 0.042459 seconds .

========================================================================
Received Prepare
Default GameObject BitMask: UI already registered

Registering precompiled user dll's ...
Registered in 0.004664 seconds.
Begin MonoManager ReloadAssembly
Symbol file LoadedFromMemory doesn't match image C:\Users\c4607\OneDrive\문서\GitHub\MaraXiangguoExtraBeef\Library\PackageCache\com.unity.ext.nunit@1.0.0\net35\unity-custom\nunit.framework.dll
Native extension for WindowsStandalone target not found
Refreshing native plugins compatible for Editor in 0.43 ms, found 3 plugins.
Preloading 0 native plugins for Editor in 0.00 ms.
Mono: successfully reloaded assembly
- Completed reload, in  0.668 seconds
Platform modules already initialized, skipping
Refreshing native plugins compatible for Editor in 0.38 ms, found 3 plugins.
Preloading 0 native plugins for Editor in 0.00 ms.
Unloading 1999 Unused Serialized files (Serialized files now loaded: 0)
System memory in use before: 93.8 MB.
System memory in use after: 93.9 MB.

Unloading 15 unused Assets to reduce memory usage. Loaded Objects now: 2460.
Total: 1.885300 ms (FindLiveObjects: 0.162500 ms CreateObjectMapping: 0.070800 ms MarkObjects: 1.637700 ms  DeleteObjects: 0.013500 ms)

AssetImportParameters requested are different than current active one (requested -> active):
  custom:framework-win-MediaFoundation: 216162199b28c13a410421893ffa2e32 -> 
  custom:video-decoder-ogg-theora: a1e56fd34408186e4bbccfd4996cb3dc -> 
  custom:container-muxer-webm: aa71ff27fc2769a1b78a27578f13a17b -> 
  custom:container-demuxer-webm: 4f35f7cbe854078d1ac9338744f61a02 -> 
  custom:container-demuxer-ogg: 62fdf1f143b41e24485cea50d1cbac27 -> 
  custom:video-encoder-webm-vp8: eb34c28f22e8b96e1ab97ce403110664 -> 
  custom:video-decoder-webm-vp8: 9c59270c3fd7afecdb556c50c9e8de78 -> 
  custom:audio-decoder-ogg-vorbis: bf7c407c2cedff20999df2af8eb42d56 -> 
  custom:audio-encoder-webm-vorbis: bf7c407c2cedff20999df2af8eb42d56 -> 
========================================================================
Received Import Request.
  Time since last request: 112.923808 seconds.
  path: Assets/Scripts/System/UI/start)button.cs
  artifactKey: Guid(195a63279db22f24ca63531bae49126a) Importer(815301076,1909f56bfc062723c751e8b465ee728b)
Start importing Assets/Scripts/System/UI/start)button.cs using Guid(195a63279db22f24ca63531bae49126a) Importer(815301076,1909f56bfc062723c751e8b465ee728b)  -> (artifact id: '5dbf5275018748b6c5f196e74ccc954b') in 0.009324 seconds 
  Import took 0.012202 seconds .

========================================================================
Received Import Request.
  Time since last request: 8.049309 seconds.
  path: Assets/Scripts/System/UI/start_button.cs
  artifactKey: Guid(195a63279db22f24ca63531bae49126a) Importer(815301076,1909f56bfc062723c751e8b465ee728b)
Start importing Assets/Scripts/System/UI/start_button.cs using Guid(195a63279db22f24ca63531bae49126a) Importer(815301076,1909f56bfc062723c751e8b465ee728b)  -> (artifact id: 'ca7114f8db70e69b7d56d5998e0b1f0d') in 0.006764 seconds 
  Import took 0.009736 seconds .

========================================================================
Received Prepare
Default GameObject BitMask: UI already registered

Registering precompiled user dll's ...
Registered in 0.005106 seconds.
Begin MonoManager ReloadAssembly
Symbol file LoadedFromMemory doesn't match image C:\Users\c4607\OneDrive\문서\GitHub\MaraXiangguoExtraBeef\Library\PackageCache\com.unity.ext.nunit@1.0.0\net35\unity-custom\nunit.framework.dll
Native extension for WindowsStandalone target not found
Refreshing native plugins compatible for Editor in 0.45 ms, found 3 plugins.
Preloading 0 native plugins for Editor in 0.00 ms.
Mono: successfully reloaded assembly
- Completed reload, in  0.680 seconds
Platform modules already initialized, skipping
Refreshing native plugins compatible for Editor in 0.46 ms, found 3 plugins.
Preloading 0 native plugins for Editor in 0.00 ms.
Unloading 2000 Unused Serialized files (Serialized files now loaded: 0)
System memory in use before: 93.8 MB.
System memory in use after: 93.9 MB.

Unloading 15 unused Assets to reduce memory usage. Loaded Objects now: 2463.
Total: 1.714300 ms (FindLiveObjects: 0.168600 ms CreateObjectMapping: 0.046300 ms MarkObjects: 1.485500 ms  DeleteObjects: 0.012900 ms)

AssetImportParameters requested are different than current active one (requested -> active):
  custom:framework-win-MediaFoundation: 216162199b28c13a410421893ffa2e32 -> 
  custom:video-decoder-ogg-theora: a1e56fd34408186e4bbccfd4996cb3dc -> 
  custom:container-muxer-webm: aa71ff27fc2769a1b78a27578f13a17b -> 
  custom:container-demuxer-webm: 4f35f7cbe854078d1ac9338744f61a02 -> 
  custom:container-demuxer-ogg: 62fdf1f143b41e24485cea50d1cbac27 -> 
  custom:video-encoder-webm-vp8: eb34c28f22e8b96e1ab97ce403110664 -> 
  custom:video-decoder-webm-vp8: 9c59270c3fd7afecdb556c50c9e8de78 -> 
  custom:audio-decoder-ogg-vorbis: bf7c407c2cedff20999df2af8eb42d56 -> 
  custom:audio-encoder-webm-vorbis: bf7c407c2cedff20999df2af8eb42d56 -> 
========================================================================
Received Prepare
Default GameObject BitMask: UI already registered

Registering precompiled user dll's ...
Registered in 0.004809 seconds.
Begin MonoManager ReloadAssembly
Symbol file LoadedFromMemory doesn't match image C:\Users\c4607\OneDrive\문서\GitHub\MaraXiangguoExtraBeef\Library\PackageCache\com.unity.ext.nunit@1.0.0\net35\unity-custom\nunit.framework.dll
Native extension for WindowsStandalone target not found
Refreshing native plugins compatible for Editor in 0.44 ms, found 3 plugins.
Preloading 0 native plugins for Editor in 0.00 ms.
Mono: successfully reloaded assembly
- Completed reload, in  0.688 seconds
Platform modules already initialized, skipping
Refreshing native plugins compatible for Editor in 0.43 ms, found 3 plugins.
Preloading 0 native plugins for Editor in 0.00 ms.
Unloading 2000 Unused Serialized files (Serialized files now loaded: 0)
System memory in use before: 93.8 MB.
System memory in use after: 93.9 MB.

Unloading 15 unused Assets to reduce memory usage. Loaded Objects now: 2465.
Total: 1.996900 ms (FindLiveObjects: 0.172900 ms CreateObjectMapping: 0.053600 ms MarkObjects: 1.753700 ms  DeleteObjects: 0.015500 ms)

AssetImportParameters requested are different than current active one (requested -> active):
  custom:framework-win-MediaFoundation: 216162199b28c13a410421893ffa2e32 -> 
  custom:video-decoder-ogg-theora: a1e56fd34408186e4bbccfd4996cb3dc -> 
  custom:container-muxer-webm: aa71ff27fc2769a1b78a27578f13a17b -> 
  custom:container-demuxer-webm: 4f35f7cbe854078d1ac9338744f61a02 -> 
  custom:container-demuxer-ogg: 62fdf1f143b41e24485cea50d1cbac27 -> 
  custom:video-encoder-webm-vp8: eb34c28f22e8b96e1ab97ce403110664 -> 
  custom:video-decoder-webm-vp8: 9c59270c3fd7afecdb556c50c9e8de78 -> 
  custom:audio-decoder-ogg-vorbis: bf7c407c2cedff20999df2af8eb42d56 -> 
  custom:audio-encoder-webm-vorbis: bf7c407c2cedff20999df2af8eb42d56 -> 
========================================================================
Received Import Request.
  Time since last request: 237.667270 seconds.
  path: Assets/Scenes/New Scene.unity
  artifactKey: Guid(57cc2b9d9d545034c95b59425f1bb756) Importer(815301076,1909f56bfc062723c751e8b465ee728b)
Start importing Assets/Scenes/New Scene.unity using Guid(57cc2b9d9d545034c95b59425f1bb756) Importer(815301076,1909f56bfc062723c751e8b465ee728b)  -> (artifact id: 'fa9128fb34d7d224be5bb573d1b342f3') in 0.013981 seconds 
  Import took 0.016831 seconds .

========================================================================
Received Import Request.
  Time since last request: 1.412470 seconds.
  path: Assets/Scenes/menu.unity
  artifactKey: Guid(4e2625206d9e1b944a778676319fba6e) Importer(815301076,1909f56bfc062723c751e8b465ee728b)
Start importing Assets/Scenes/menu.unity using Guid(4e2625206d9e1b944a778676319fba6e) Importer(815301076,1909f56bfc062723c751e8b465ee728b)  -> (artifact id: '9251fecefe46f3f7411c716791869f6a') in 0.003945 seconds 
  Import took 0.006733 seconds .

========================================================================
Received Prepare
Default GameObject BitMask: UI already registered

Registering precompiled user dll's ...
Registered in 0.004780 seconds.
Begin MonoManager ReloadAssembly
Symbol file LoadedFromMemory doesn't match image C:\Users\c4607\OneDrive\문서\GitHub\MaraXiangguoExtraBeef\Library\PackageCache\com.unity.ext.nunit@1.0.0\net35\unity-custom\nunit.framework.dll
Native extension for WindowsStandalone target not found
Refreshing native plugins compatible for Editor in 0.43 ms, found 3 plugins.
Preloading 0 native plugins for Editor in 0.00 ms.
Mono: successfully reloaded assembly
- Completed reload, in  0.657 seconds
Platform modules already initialized, skipping
Refreshing native plugins compatible for Editor in 0.42 ms, found 3 plugins.
Preloading 0 native plugins for Editor in 0.00 ms.
Unloading 2000 Unused Serialized files (Serialized files now loaded: 0)
System memory in use before: 93.8 MB.
System memory in use after: 94.0 MB.

Unloading 15 unused Assets to reduce memory usage. Loaded Objects now: 2467.
Total: 1.756000 ms (FindLiveObjects: 0.209500 ms CreateObjectMapping: 0.040700 ms MarkObjects: 1.493100 ms  DeleteObjects: 0.012100 ms)

AssetImportParameters requested are different than current active one (requested -> active):
  custom:framework-win-MediaFoundation: 216162199b28c13a410421893ffa2e32 -> 
  custom:video-decoder-ogg-theora: a1e56fd34408186e4bbccfd4996cb3dc -> 
  custom:container-muxer-webm: aa71ff27fc2769a1b78a27578f13a17b -> 
  custom:container-demuxer-webm: 4f35f7cbe854078d1ac9338744f61a02 -> 
  custom:container-demuxer-ogg: 62fdf1f143b41e24485cea50d1cbac27 -> 
  custom:video-encoder-webm-vp8: eb34c28f22e8b96e1ab97ce403110664 -> 
  custom:video-decoder-webm-vp8: 9c59270c3fd7afecdb556c50c9e8de78 -> 
  custom:audio-decoder-ogg-vorbis: bf7c407c2cedff20999df2af8eb42d56 -> 
  custom:audio-encoder-webm-vorbis: bf7c407c2cedff20999df2af8eb42d56 -> 
AssetImportWorkerClient::OnTransportError - code=2 error=End of file
